#
# There is insufficient memory for the Java Runtime Environment to continue.
# Native memory allocation (malloc) failed to allocate 124016 bytes. Error detail: Chunk::new
# Possible reasons:
#   The system is out of physical RAM or swap space
#   This process is running with CompressedOops enabled, and the Java Heap may be blocking the growth of the native heap
# Possible solutions:
#   Reduce memory load on the system
#   Increase physical memory or swap space
#   Check if swap backing store is full
#   Decrease Java heap size (-Xmx/-Xms)
#   Decrease number of Java threads
#   Decrease Java thread stack sizes (-Xss)
#   Set larger code cache with -XX:ReservedCodeCacheSize=
#   JVM is running with Unscaled Compressed Oops mode in which the Java heap is
#     placed in the first 4GB address space. The Java Heap base address is the
#     maximum limit for the native heap growth. Please use -XX:HeapBaseMinAddress
#     to set the Java Heap base and to place the Java Heap above 4GB virtual address.
# This output file may be truncated or incomplete.
#
#  Out of Memory Error (arena.cpp:168), pid=10876, tid=17736
#
# JRE version: OpenJDK Runtime Environment JBR-21.0.8+1-1038.68-jcef (21.0.8+1) (build 21.0.8+1-b1038.68)
# Java VM: OpenJDK 64-Bit Server VM JBR-21.0.8+1-1038.68-jcef (21.0.8+1-b1038.68, mixed mode, tiered, compressed oops, compressed class ptrs, g1 gc, windows-amd64)
# No core dump will be written. Minidumps are not enabled by default on client versions of Windows
#

---------------  S U M M A R Y ------------

Command Line: git4idea.http.GitAskPassApp Username for 'https://github.com': 

Host: Intel(R) Core(TM) i5-8265U CPU @ 1.60GHz, 8 cores, 7G,  Windows 11 , 64 bit Build 26100 (10.0.26100.6725)
Time: Sat Oct 18 20:05:16 2025 elapsed time: 1.426078 seconds (0d 0h 0m 1s)

---------------  T H R E A D  ---------------

Current thread (0x00000206801df300):  JavaThread "C2 CompilerThread0" daemon [_thread_in_native, id=17736, stack(0x00000056f5100000,0x00000056f5200000) (1024K)]


Current CompileTask:
C2:1426  899       4       jdk.internal.jimage.ImageStringsReader::unmaskedHashCode (166 bytes)

Stack: [0x00000056f5100000,0x00000056f5200000]
Native frames: (J=compiled Java code, j=interpreted, Vv=VM code, C=native code)
V  [jvm.dll+0x6ebeb9]
V  [jvm.dll+0x8cbec3]
V  [jvm.dll+0x8ce47e]
V  [jvm.dll+0x8ceb63]
V  [jvm.dll+0x28adf6]
V  [jvm.dll+0xc6f3d]
V  [jvm.dll+0xc7473]
V  [jvm.dll+0x301d10]
V  [jvm.dll+0x611aa9]
V  [jvm.dll+0x25aea2]
V  [jvm.dll+0x25b25f]
V  [jvm.dll+0x253a05]
V  [jvm.dll+0x25125e]
V  [jvm.dll+0x1ceb64]
V  [jvm.dll+0x260bfe]
V  [jvm.dll+0x25f146]
V  [jvm.dll+0x402ee6]
V  [jvm.dll+0x873a78]
V  [jvm.dll+0x6ea63d]
C  [ucrtbase.dll+0x37b0]
C  [KERNEL32.DLL+0x2e8d7]
C  [ntdll.dll+0x8c53c]


---------------  P R O C E S S  ---------------

Threads class SMR info:
_java_thread_list=0x0000020680906910, length=14, elements={
0x00000206cbe820b0, 0x000002068018b180, 0x0000020680207bb0, 0x000002068020b190,
0x00000206801f1d30, 0x00000206801f2790, 0x00000206801f3d60, 0x00000206801f5330,
0x00000206801df300, 0x00000206801e9420, 0x00000206803cf540, 0x0000020680911890,
0x0000020680902180, 0x00000206809070e0
}

Java Threads: ( => current thread )
  0x00000206cbe820b0 JavaThread "main"                              [_thread_blocked, id=22680, stack(0x00000056f4200000,0x00000056f4300000) (1024K)]
  0x000002068018b180 JavaThread "Common-Cleaner"             daemon [_thread_blocked, id=2588, stack(0x00000056f4a00000,0x00000056f4b00000) (1024K)]
  0x0000020680207bb0 JavaThread "Reference Handler"          daemon [_thread_blocked, id=4076, stack(0x00000056f4b00000,0x00000056f4c00000) (1024K)]
  0x000002068020b190 JavaThread "Finalizer"                  daemon [_thread_blocked, id=29392, stack(0x00000056f4c00000,0x00000056f4d00000) (1024K)]
  0x00000206801f1d30 JavaThread "Signal Dispatcher"          daemon [_thread_blocked, id=28436, stack(0x00000056f4d00000,0x00000056f4e00000) (1024K)]
  0x00000206801f2790 JavaThread "Attach Listener"            daemon [_thread_blocked, id=7856, stack(0x00000056f4e00000,0x00000056f4f00000) (1024K)]
  0x00000206801f3d60 JavaThread "Service Thread"             daemon [_thread_blocked, id=24988, stack(0x00000056f4f00000,0x00000056f5000000) (1024K)]
  0x00000206801f5330 JavaThread "Monitor Deflation Thread"   daemon [_thread_blocked, id=26416, stack(0x00000056f5000000,0x00000056f5100000) (1024K)]
=>0x00000206801df300 JavaThread "C2 CompilerThread0"         daemon [_thread_in_native, id=17736, stack(0x00000056f5100000,0x00000056f5200000) (1024K)]
  0x00000206801e9420 JavaThread "C1 CompilerThread0"         daemon [_thread_blocked, id=28488, stack(0x00000056f5200000,0x00000056f5300000) (1024K)]
  0x00000206803cf540 JavaThread "Notification Thread"        daemon [_thread_blocked, id=29620, stack(0x00000056f5300000,0x00000056f5400000) (1024K)]
  0x0000020680911890 JavaThread "HttpClient-1-SelectorManager" daemon [_thread_in_native, id=29808, stack(0x00000056f5400000,0x00000056f5500000) (1024K)]
  0x0000020680902180 JavaThread "HttpClient-1-Worker-0"      daemon [_thread_in_vm, id=17632, stack(0x00000056f5600000,0x00000056f5700000) (1024K)]
  0x00000206809070e0 JavaThread "HttpClient-1-Worker-1"      daemon [_thread_blocked, id=1192, stack(0x00000056f5700000,0x00000056f5800000) (1024K)]
Total: 14

Other Threads:
  0x0000020680158ee0 VMThread "VM Thread"                           [id=22584, stack(0x00000056f4900000,0x00000056f4a00000) (1024K)]
  0x00000206e6529c80 WatcherThread "VM Periodic Task Thread"        [id=18744, stack(0x00000056f4800000,0x00000056f4900000) (1024K)]
  0x00000206ce0cdce0 WorkerThread "GC Thread#0"                     [id=1604, stack(0x00000056f4300000,0x00000056f4400000) (1024K)]
  0x00000206ce11d410 ConcurrentGCThread "G1 Main Marker"            [id=14732, stack(0x00000056f4400000,0x00000056f4500000) (1024K)]
  0x00000206ce11e6b0 WorkerThread "G1 Conc#0"                       [id=26064, stack(0x00000056f4500000,0x00000056f4600000) (1024K)]
  0x00000206ce13e870 ConcurrentGCThread "G1 Refine#0"               [id=26940, stack(0x00000056f4600000,0x00000056f4700000) (1024K)]
  0x00000206e63f4750 ConcurrentGCThread "G1 Service"                [id=28032, stack(0x00000056f4700000,0x00000056f4800000) (1024K)]
Total: 7

Threads with active compile tasks:
C2 CompilerThread0  1483  899       4       jdk.internal.jimage.ImageStringsReader::unmaskedHashCode (166 bytes)
Total: 1

VM state: not at safepoint (normal execution)

VM Mutex/Monitor currently owned by a thread: None

Heap address: 0x0000000083200000, size: 1998 MB, Compressed Oops mode: 32-bit

CDS archive(s) not mapped
Compressed class space mapped at: 0x0000000100000000-0x0000000140000000, reserved size: 1073741824
Narrow klass base: 0x0000000000000000, Narrow klass shift: 3, Narrow klass range: 0x140000000

GC Precious Log:
 CardTable entry size: 512
 Card Set container configuration: InlinePtr #cards 5 size 8 Array Of Cards #cards 12 size 40 Howl #buckets 4 coarsen threshold 1843 Howl Bitmap #cards 512 size 80 coarsen threshold 460 Card regions per heap region 1 cards per card region 2048
 CPUs: 8 total, 8 available
 Memory: 7986M
 Large Page Support: Disabled
 NUMA Support: Disabled
 Compressed Oops: Enabled (32-bit)
 Heap Region Size: 1M
 Heap Min Capacity: 8M
 Heap Initial Capacity: 126M
 Heap Max Capacity: 1998M
 Pre-touch: Disabled
 Parallel Workers: 8
 Concurrent Workers: 2
 Concurrent Refinement Workers: 8
 Periodic GC: Disabled

Heap:
 garbage-first heap   total 129024K, used 13312K [0x0000000083200000, 0x0000000100000000)
  region size 1024K, 14 young (14336K), 0 survivors (0K)
 Metaspace       used 16340K, committed 16512K, reserved 1114112K
  class space    used 1632K, committed 1728K, reserved 1048576K

Heap Regions: E=young(eden), S=young(survivor), O=old, HS=humongous(starts), HC=humongous(continues), CS=collection set, F=free, TAMS=top-at-mark-start, PB=parsable bottom
|   0|0x0000000083200000, 0x0000000083200000, 0x0000000083300000|  0%| F|  |TAMS 0x0000000083200000| PB 0x0000000083200000| Untracked 
|   1|0x0000000083300000, 0x0000000083300000, 0x0000000083400000|  0%| F|  |TAMS 0x0000000083300000| PB 0x0000000083300000| Untracked 
|   2|0x0000000083400000, 0x0000000083400000, 0x0000000083500000|  0%| F|  |TAMS 0x0000000083400000| PB 0x0000000083400000| Untracked 
|   3|0x0000000083500000, 0x0000000083500000, 0x0000000083600000|  0%| F|  |TAMS 0x0000000083500000| PB 0x0000000083500000| Untracked 
|   4|0x0000000083600000, 0x0000000083600000, 0x0000000083700000|  0%| F|  |TAMS 0x0000000083600000| PB 0x0000000083600000| Untracked 
|   5|0x0000000083700000, 0x0000000083700000, 0x0000000083800000|  0%| F|  |TAMS 0x0000000083700000| PB 0x0000000083700000| Untracked 
|   6|0x0000000083800000, 0x0000000083800000, 0x0000000083900000|  0%| F|  |TAMS 0x0000000083800000| PB 0x0000000083800000| Untracked 
|   7|0x0000000083900000, 0x0000000083900000, 0x0000000083a00000|  0%| F|  |TAMS 0x0000000083900000| PB 0x0000000083900000| Untracked 
|   8|0x0000000083a00000, 0x0000000083a00000, 0x0000000083b00000|  0%| F|  |TAMS 0x0000000083a00000| PB 0x0000000083a00000| Untracked 
|   9|0x0000000083b00000, 0x0000000083b00000, 0x0000000083c00000|  0%| F|  |TAMS 0x0000000083b00000| PB 0x0000000083b00000| Untracked 
|  10|0x0000000083c00000, 0x0000000083c00000, 0x0000000083d00000|  0%| F|  |TAMS 0x0000000083c00000| PB 0x0000000083c00000| Untracked 
|  11|0x0000000083d00000, 0x0000000083d00000, 0x0000000083e00000|  0%| F|  |TAMS 0x0000000083d00000| PB 0x0000000083d00000| Untracked 
|  12|0x0000000083e00000, 0x0000000083e00000, 0x0000000083f00000|  0%| F|  |TAMS 0x0000000083e00000| PB 0x0000000083e00000| Untracked 
|  13|0x0000000083f00000, 0x0000000083f00000, 0x0000000084000000|  0%| F|  |TAMS 0x0000000083f00000| PB 0x0000000083f00000| Untracked 
|  14|0x0000000084000000, 0x0000000084000000, 0x0000000084100000|  0%| F|  |TAMS 0x0000000084000000| PB 0x0000000084000000| Untracked 
|  15|0x0000000084100000, 0x0000000084100000, 0x0000000084200000|  0%| F|  |TAMS 0x0000000084100000| PB 0x0000000084100000| Untracked 
|  16|0x0000000084200000, 0x0000000084200000, 0x0000000084300000|  0%| F|  |TAMS 0x0000000084200000| PB 0x0000000084200000| Untracked 
|  17|0x0000000084300000, 0x0000000084300000, 0x0000000084400000|  0%| F|  |TAMS 0x0000000084300000| PB 0x0000000084300000| Untracked 
|  18|0x0000000084400000, 0x0000000084400000, 0x0000000084500000|  0%| F|  |TAMS 0x0000000084400000| PB 0x0000000084400000| Untracked 
|  19|0x0000000084500000, 0x0000000084500000, 0x0000000084600000|  0%| F|  |TAMS 0x0000000084500000| PB 0x0000000084500000| Untracked 
|  20|0x0000000084600000, 0x0000000084600000, 0x0000000084700000|  0%| F|  |TAMS 0x0000000084600000| PB 0x0000000084600000| Untracked 
|  21|0x0000000084700000, 0x0000000084700000, 0x0000000084800000|  0%| F|  |TAMS 0x0000000084700000| PB 0x0000000084700000| Untracked 
|  22|0x0000000084800000, 0x0000000084800000, 0x0000000084900000|  0%| F|  |TAMS 0x0000000084800000| PB 0x0000000084800000| Untracked 
|  23|0x0000000084900000, 0x0000000084900000, 0x0000000084a00000|  0%| F|  |TAMS 0x0000000084900000| PB 0x0000000084900000| Untracked 
|  24|0x0000000084a00000, 0x0000000084a00000, 0x0000000084b00000|  0%| F|  |TAMS 0x0000000084a00000| PB 0x0000000084a00000| Untracked 
|  25|0x0000000084b00000, 0x0000000084b00000, 0x0000000084c00000|  0%| F|  |TAMS 0x0000000084b00000| PB 0x0000000084b00000| Untracked 
|  26|0x0000000084c00000, 0x0000000084c00000, 0x0000000084d00000|  0%| F|  |TAMS 0x0000000084c00000| PB 0x0000000084c00000| Untracked 
|  27|0x0000000084d00000, 0x0000000084d00000, 0x0000000084e00000|  0%| F|  |TAMS 0x0000000084d00000| PB 0x0000000084d00000| Untracked 
|  28|0x0000000084e00000, 0x0000000084e00000, 0x0000000084f00000|  0%| F|  |TAMS 0x0000000084e00000| PB 0x0000000084e00000| Untracked 
|  29|0x0000000084f00000, 0x0000000084f00000, 0x0000000085000000|  0%| F|  |TAMS 0x0000000084f00000| PB 0x0000000084f00000| Untracked 
|  30|0x0000000085000000, 0x0000000085000000, 0x0000000085100000|  0%| F|  |TAMS 0x0000000085000000| PB 0x0000000085000000| Untracked 
|  31|0x0000000085100000, 0x0000000085100000, 0x0000000085200000|  0%| F|  |TAMS 0x0000000085100000| PB 0x0000000085100000| Untracked 
|  32|0x0000000085200000, 0x0000000085200000, 0x0000000085300000|  0%| F|  |TAMS 0x0000000085200000| PB 0x0000000085200000| Untracked 
|  33|0x0000000085300000, 0x0000000085300000, 0x0000000085400000|  0%| F|  |TAMS 0x0000000085300000| PB 0x0000000085300000| Untracked 
|  34|0x0000000085400000, 0x0000000085400000, 0x0000000085500000|  0%| F|  |TAMS 0x0000000085400000| PB 0x0000000085400000| Untracked 
|  35|0x0000000085500000, 0x0000000085500000, 0x0000000085600000|  0%| F|  |TAMS 0x0000000085500000| PB 0x0000000085500000| Untracked 
|  36|0x0000000085600000, 0x0000000085600000, 0x0000000085700000|  0%| F|  |TAMS 0x0000000085600000| PB 0x0000000085600000| Untracked 
|  37|0x0000000085700000, 0x0000000085700000, 0x0000000085800000|  0%| F|  |TAMS 0x0000000085700000| PB 0x0000000085700000| Untracked 
|  38|0x0000000085800000, 0x0000000085800000, 0x0000000085900000|  0%| F|  |TAMS 0x0000000085800000| PB 0x0000000085800000| Untracked 
|  39|0x0000000085900000, 0x0000000085900000, 0x0000000085a00000|  0%| F|  |TAMS 0x0000000085900000| PB 0x0000000085900000| Untracked 
|  40|0x0000000085a00000, 0x0000000085a00000, 0x0000000085b00000|  0%| F|  |TAMS 0x0000000085a00000| PB 0x0000000085a00000| Untracked 
|  41|0x0000000085b00000, 0x0000000085b00000, 0x0000000085c00000|  0%| F|  |TAMS 0x0000000085b00000| PB 0x0000000085b00000| Untracked 
|  42|0x0000000085c00000, 0x0000000085c00000, 0x0000000085d00000|  0%| F|  |TAMS 0x0000000085c00000| PB 0x0000000085c00000| Untracked 
|  43|0x0000000085d00000, 0x0000000085d00000, 0x0000000085e00000|  0%| F|  |TAMS 0x0000000085d00000| PB 0x0000000085d00000| Untracked 
|  44|0x0000000085e00000, 0x0000000085e00000, 0x0000000085f00000|  0%| F|  |TAMS 0x0000000085e00000| PB 0x0000000085e00000| Untracked 
|  45|0x0000000085f00000, 0x0000000085f00000, 0x0000000086000000|  0%| F|  |TAMS 0x0000000085f00000| PB 0x0000000085f00000| Untracked 
|  46|0x0000000086000000, 0x0000000086000000, 0x0000000086100000|  0%| F|  |TAMS 0x0000000086000000| PB 0x0000000086000000| Untracked 
|  47|0x0000000086100000, 0x0000000086100000, 0x0000000086200000|  0%| F|  |TAMS 0x0000000086100000| PB 0x0000000086100000| Untracked 
|  48|0x0000000086200000, 0x0000000086200000, 0x0000000086300000|  0%| F|  |TAMS 0x0000000086200000| PB 0x0000000086200000| Untracked 
|  49|0x0000000086300000, 0x0000000086300000, 0x0000000086400000|  0%| F|  |TAMS 0x0000000086300000| PB 0x0000000086300000| Untracked 
|  50|0x0000000086400000, 0x0000000086400000, 0x0000000086500000|  0%| F|  |TAMS 0x0000000086400000| PB 0x0000000086400000| Untracked 
|  51|0x0000000086500000, 0x0000000086500000, 0x0000000086600000|  0%| F|  |TAMS 0x0000000086500000| PB 0x0000000086500000| Untracked 
|  52|0x0000000086600000, 0x0000000086600000, 0x0000000086700000|  0%| F|  |TAMS 0x0000000086600000| PB 0x0000000086600000| Untracked 
|  53|0x0000000086700000, 0x0000000086700000, 0x0000000086800000|  0%| F|  |TAMS 0x0000000086700000| PB 0x0000000086700000| Untracked 
|  54|0x0000000086800000, 0x0000000086800000, 0x0000000086900000|  0%| F|  |TAMS 0x0000000086800000| PB 0x0000000086800000| Untracked 
|  55|0x0000000086900000, 0x0000000086900000, 0x0000000086a00000|  0%| F|  |TAMS 0x0000000086900000| PB 0x0000000086900000| Untracked 
|  56|0x0000000086a00000, 0x0000000086a00000, 0x0000000086b00000|  0%| F|  |TAMS 0x0000000086a00000| PB 0x0000000086a00000| Untracked 
|  57|0x0000000086b00000, 0x0000000086b00000, 0x0000000086c00000|  0%| F|  |TAMS 0x0000000086b00000| PB 0x0000000086b00000| Untracked 
|  58|0x0000000086c00000, 0x0000000086c00000, 0x0000000086d00000|  0%| F|  |TAMS 0x0000000086c00000| PB 0x0000000086c00000| Untracked 
|  59|0x0000000086d00000, 0x0000000086d00000, 0x0000000086e00000|  0%| F|  |TAMS 0x0000000086d00000| PB 0x0000000086d00000| Untracked 
|  60|0x0000000086e00000, 0x0000000086e00000, 0x0000000086f00000|  0%| F|  |TAMS 0x0000000086e00000| PB 0x0000000086e00000| Untracked 
|  61|0x0000000086f00000, 0x0000000086f00000, 0x0000000087000000|  0%| F|  |TAMS 0x0000000086f00000| PB 0x0000000086f00000| Untracked 
|  62|0x0000000087000000, 0x0000000087000000, 0x0000000087100000|  0%| F|  |TAMS 0x0000000087000000| PB 0x0000000087000000| Untracked 
|  63|0x0000000087100000, 0x0000000087100000, 0x0000000087200000|  0%| F|  |TAMS 0x0000000087100000| PB 0x0000000087100000| Untracked 
|  64|0x0000000087200000, 0x0000000087200000, 0x0000000087300000|  0%| F|  |TAMS 0x0000000087200000| PB 0x0000000087200000| Untracked 
|  65|0x0000000087300000, 0x0000000087300000, 0x0000000087400000|  0%| F|  |TAMS 0x0000000087300000| PB 0x0000000087300000| Untracked 
|  66|0x0000000087400000, 0x0000000087400000, 0x0000000087500000|  0%| F|  |TAMS 0x0000000087400000| PB 0x0000000087400000| Untracked 
|  67|0x0000000087500000, 0x0000000087500000, 0x0000000087600000|  0%| F|  |TAMS 0x0000000087500000| PB 0x0000000087500000| Untracked 
|  68|0x0000000087600000, 0x0000000087600000, 0x0000000087700000|  0%| F|  |TAMS 0x0000000087600000| PB 0x0000000087600000| Untracked 
|  69|0x0000000087700000, 0x0000000087700000, 0x0000000087800000|  0%| F|  |TAMS 0x0000000087700000| PB 0x0000000087700000| Untracked 
|  70|0x0000000087800000, 0x0000000087800000, 0x0000000087900000|  0%| F|  |TAMS 0x0000000087800000| PB 0x0000000087800000| Untracked 
|  71|0x0000000087900000, 0x0000000087900000, 0x0000000087a00000|  0%| F|  |TAMS 0x0000000087900000| PB 0x0000000087900000| Untracked 
|  72|0x0000000087a00000, 0x0000000087a00000, 0x0000000087b00000|  0%| F|  |TAMS 0x0000000087a00000| PB 0x0000000087a00000| Untracked 
|  73|0x0000000087b00000, 0x0000000087b00000, 0x0000000087c00000|  0%| F|  |TAMS 0x0000000087b00000| PB 0x0000000087b00000| Untracked 
|  74|0x0000000087c00000, 0x0000000087c00000, 0x0000000087d00000|  0%| F|  |TAMS 0x0000000087c00000| PB 0x0000000087c00000| Untracked 
|  75|0x0000000087d00000, 0x0000000087d00000, 0x0000000087e00000|  0%| F|  |TAMS 0x0000000087d00000| PB 0x0000000087d00000| Untracked 
|  76|0x0000000087e00000, 0x0000000087e00000, 0x0000000087f00000|  0%| F|  |TAMS 0x0000000087e00000| PB 0x0000000087e00000| Untracked 
|  77|0x0000000087f00000, 0x0000000087f00000, 0x0000000088000000|  0%| F|  |TAMS 0x0000000087f00000| PB 0x0000000087f00000| Untracked 
|  78|0x0000000088000000, 0x0000000088000000, 0x0000000088100000|  0%| F|  |TAMS 0x0000000088000000| PB 0x0000000088000000| Untracked 
|  79|0x0000000088100000, 0x0000000088100000, 0x0000000088200000|  0%| F|  |TAMS 0x0000000088100000| PB 0x0000000088100000| Untracked 
|  80|0x0000000088200000, 0x0000000088200000, 0x0000000088300000|  0%| F|  |TAMS 0x0000000088200000| PB 0x0000000088200000| Untracked 
|  81|0x0000000088300000, 0x0000000088300000, 0x0000000088400000|  0%| F|  |TAMS 0x0000000088300000| PB 0x0000000088300000| Untracked 
|  82|0x0000000088400000, 0x0000000088400000, 0x0000000088500000|  0%| F|  |TAMS 0x0000000088400000| PB 0x0000000088400000| Untracked 
|  83|0x0000000088500000, 0x0000000088500000, 0x0000000088600000|  0%| F|  |TAMS 0x0000000088500000| PB 0x0000000088500000| Untracked 
|  84|0x0000000088600000, 0x0000000088600000, 0x0000000088700000|  0%| F|  |TAMS 0x0000000088600000| PB 0x0000000088600000| Untracked 
|  85|0x0000000088700000, 0x0000000088700000, 0x0000000088800000|  0%| F|  |TAMS 0x0000000088700000| PB 0x0000000088700000| Untracked 
|  86|0x0000000088800000, 0x0000000088800000, 0x0000000088900000|  0%| F|  |TAMS 0x0000000088800000| PB 0x0000000088800000| Untracked 
|  87|0x0000000088900000, 0x0000000088900000, 0x0000000088a00000|  0%| F|  |TAMS 0x0000000088900000| PB 0x0000000088900000| Untracked 
|  88|0x0000000088a00000, 0x0000000088a00000, 0x0000000088b00000|  0%| F|  |TAMS 0x0000000088a00000| PB 0x0000000088a00000| Untracked 
|  89|0x0000000088b00000, 0x0000000088b00000, 0x0000000088c00000|  0%| F|  |TAMS 0x0000000088b00000| PB 0x0000000088b00000| Untracked 
|  90|0x0000000088c00000, 0x0000000088c00000, 0x0000000088d00000|  0%| F|  |TAMS 0x0000000088c00000| PB 0x0000000088c00000| Untracked 
|  91|0x0000000088d00000, 0x0000000088d00000, 0x0000000088e00000|  0%| F|  |TAMS 0x0000000088d00000| PB 0x0000000088d00000| Untracked 
|  92|0x0000000088e00000, 0x0000000088e00000, 0x0000000088f00000|  0%| F|  |TAMS 0x0000000088e00000| PB 0x0000000088e00000| Untracked 
|  93|0x0000000088f00000, 0x0000000088f00000, 0x0000000089000000|  0%| F|  |TAMS 0x0000000088f00000| PB 0x0000000088f00000| Untracked 
|  94|0x0000000089000000, 0x0000000089000000, 0x0000000089100000|  0%| F|  |TAMS 0x0000000089000000| PB 0x0000000089000000| Untracked 
|  95|0x0000000089100000, 0x0000000089100000, 0x0000000089200000|  0%| F|  |TAMS 0x0000000089100000| PB 0x0000000089100000| Untracked 
|  96|0x0000000089200000, 0x0000000089200000, 0x0000000089300000|  0%| F|  |TAMS 0x0000000089200000| PB 0x0000000089200000| Untracked 
|  97|0x0000000089300000, 0x0000000089300000, 0x0000000089400000|  0%| F|  |TAMS 0x0000000089300000| PB 0x0000000089300000| Untracked 
|  98|0x0000000089400000, 0x0000000089400000, 0x0000000089500000|  0%| F|  |TAMS 0x0000000089400000| PB 0x0000000089400000| Untracked 
|  99|0x0000000089500000, 0x0000000089500000, 0x0000000089600000|  0%| F|  |TAMS 0x0000000089500000| PB 0x0000000089500000| Untracked 
| 100|0x0000000089600000, 0x0000000089600000, 0x0000000089700000|  0%| F|  |TAMS 0x0000000089600000| PB 0x0000000089600000| Untracked 
| 101|0x0000000089700000, 0x0000000089700000, 0x0000000089800000|  0%| F|  |TAMS 0x0000000089700000| PB 0x0000000089700000| Untracked 
| 102|0x0000000089800000, 0x0000000089800000, 0x0000000089900000|  0%| F|  |TAMS 0x0000000089800000| PB 0x0000000089800000| Untracked 
| 103|0x0000000089900000, 0x0000000089900000, 0x0000000089a00000|  0%| F|  |TAMS 0x0000000089900000| PB 0x0000000089900000| Untracked 
| 104|0x0000000089a00000, 0x0000000089a00000, 0x0000000089b00000|  0%| F|  |TAMS 0x0000000089a00000| PB 0x0000000089a00000| Untracked 
| 105|0x0000000089b00000, 0x0000000089b00000, 0x0000000089c00000|  0%| F|  |TAMS 0x0000000089b00000| PB 0x0000000089b00000| Untracked 
| 106|0x0000000089c00000, 0x0000000089c00000, 0x0000000089d00000|  0%| F|  |TAMS 0x0000000089c00000| PB 0x0000000089c00000| Untracked 
| 107|0x0000000089d00000, 0x0000000089d00000, 0x0000000089e00000|  0%| F|  |TAMS 0x0000000089d00000| PB 0x0000000089d00000| Untracked 
| 108|0x0000000089e00000, 0x0000000089e00000, 0x0000000089f00000|  0%| F|  |TAMS 0x0000000089e00000| PB 0x0000000089e00000| Untracked 
| 109|0x0000000089f00000, 0x0000000089f00000, 0x000000008a000000|  0%| F|  |TAMS 0x0000000089f00000| PB 0x0000000089f00000| Untracked 
| 110|0x000000008a000000, 0x000000008a000000, 0x000000008a100000|  0%| F|  |TAMS 0x000000008a000000| PB 0x000000008a000000| Untracked 
| 111|0x000000008a100000, 0x000000008a100000, 0x000000008a200000|  0%| F|  |TAMS 0x000000008a100000| PB 0x000000008a100000| Untracked 
| 112|0x000000008a200000, 0x000000008a2ee558, 0x000000008a300000| 93%| E|  |TAMS 0x000000008a200000| PB 0x000000008a200000| Complete 
| 113|0x000000008a300000, 0x000000008a400000, 0x000000008a400000|100%| E|CS|TAMS 0x000000008a300000| PB 0x000000008a300000| Complete 
| 114|0x000000008a400000, 0x000000008a500000, 0x000000008a500000|100%| E|CS|TAMS 0x000000008a400000| PB 0x000000008a400000| Complete 
| 115|0x000000008a500000, 0x000000008a600000, 0x000000008a600000|100%| E|CS|TAMS 0x000000008a500000| PB 0x000000008a500000| Complete 
| 116|0x000000008a600000, 0x000000008a700000, 0x000000008a700000|100%| E|CS|TAMS 0x000000008a600000| PB 0x000000008a600000| Complete 
| 117|0x000000008a700000, 0x000000008a800000, 0x000000008a800000|100%| E|CS|TAMS 0x000000008a700000| PB 0x000000008a700000| Complete 
| 118|0x000000008a800000, 0x000000008a900000, 0x000000008a900000|100%| E|CS|TAMS 0x000000008a800000| PB 0x000000008a800000| Complete 
| 119|0x000000008a900000, 0x000000008aa00000, 0x000000008aa00000|100%| E|CS|TAMS 0x000000008a900000| PB 0x000000008a900000| Complete 
| 120|0x000000008aa00000, 0x000000008ab00000, 0x000000008ab00000|100%| E|CS|TAMS 0x000000008aa00000| PB 0x000000008aa00000| Complete 
| 121|0x000000008ab00000, 0x000000008ac00000, 0x000000008ac00000|100%| E|CS|TAMS 0x000000008ab00000| PB 0x000000008ab00000| Complete 
| 122|0x000000008ac00000, 0x000000008ad00000, 0x000000008ad00000|100%| E|CS|TAMS 0x000000008ac00000| PB 0x000000008ac00000| Complete 
| 123|0x000000008ad00000, 0x000000008ae00000, 0x000000008ae00000|100%| E|CS|TAMS 0x000000008ad00000| PB 0x000000008ad00000| Complete 
| 124|0x000000008ae00000, 0x000000008af00000, 0x000000008af00000|100%| E|CS|TAMS 0x000000008ae00000| PB 0x000000008ae00000| Complete 
| 125|0x000000008af00000, 0x000000008b000000, 0x000000008b000000|100%| E|CS|TAMS 0x000000008af00000| PB 0x000000008af00000| Complete 

Card table byte_map: [0x00000206e17e0000,0x00000206e1bd0000] _byte_map_base: 0x00000206e13c7000

Marking Bits: (CMBitMap*) 0x00000206ce0ce3e0
 Bits: [0x00000206e1bd0000, 0x00000206e3b08000)

Polling page: 0x00000206cbf90000

Metaspace:

Usage:
  Non-class:     14.59 MB used.
      Class:      1.64 MB used.
       Both:     16.23 MB used.

Virtual space:
  Non-class space:       64.00 MB reserved,      14.69 MB ( 23%) committed,  1 nodes.
      Class space:        1.00 GB reserved,       1.75 MB ( <1%) committed,  1 nodes.
             Both:        1.06 GB reserved,      16.44 MB (  2%) committed. 

Chunk freelists:
   Non-Class:  896.00 KB
       Class:  14.13 MB
        Both:  15.01 MB

MaxMetaspaceSize: unlimited
CompressedClassSpaceSize: 1.00 GB
Initial GC threshold: 21.00 MB
Current GC threshold: 21.00 MB
CDS: off
 - commit_granule_bytes: 65536.
 - commit_granule_words: 8192.
 - virtual_space_node_default_size: 8388608.
 - enlarge_chunks_in_place: 1.
 - use_allocation_guard: 0.


Internal statistics:

num_allocs_failed_limit: 0.
num_arena_births: 174.
num_arena_deaths: 0.
num_vsnodes_births: 2.
num_vsnodes_deaths: 0.
num_space_committed: 263.
num_space_uncommitted: 0.
num_chunks_returned_to_freelist: 0.
num_chunks_taken_from_freelist: 330.
num_chunk_merges: 0.
num_chunk_splits: 179.
num_chunks_enlarged: 81.
num_inconsistent_stats: 0.

CodeHeap 'non-profiled nmethods': size=120000Kb used=299Kb max_used=299Kb free=119700Kb
 bounds [0x00000206d9b90000, 0x00000206d9e00000, 0x00000206e10c0000]
CodeHeap 'profiled nmethods': size=120000Kb used=1486Kb max_used=1486Kb free=118514Kb
 bounds [0x00000206d20c0000, 0x00000206d2330000, 0x00000206d95f0000]
CodeHeap 'non-nmethods': size=5760Kb used=1411Kb max_used=1411Kb free=4348Kb
 bounds [0x00000206d95f0000, 0x00000206d9860000, 0x00000206d9b90000]
CodeCache: size=245760Kb, used=3196Kb, max_used=3196Kb, free=242562Kb
 total_blobs=1496, nmethods=990, adapters=411, full_count=0
Compilation: enabled, stopped_count=0, restarted_count=0

Compilation events (20 events):
Event: 1.410 Thread 0x00000206801e9420 nmethod 887 0x00000206d2203590 code [0x00000206d2203860, 0x00000206d2204a10]
Event: 1.410 Thread 0x00000206801e9420  889       3       java.util.ImmutableCollections$ListN::size (6 bytes)
Event: 1.410 Thread 0x00000206801e9420 nmethod 889 0x00000206d2204f90 code [0x00000206d2205120, 0x00000206d2205238]
Event: 1.410 Thread 0x00000206801e9420  891       3       java.lang.invoke.LambdaForm::returnType (26 bytes)
Event: 1.410 Thread 0x00000206801e9420 nmethod 891 0x00000206d2205310 code [0x00000206d22054c0, 0x00000206d2205660]
Event: 1.410 Thread 0x00000206801e9420  894       3       jdk.internal.org.objectweb.asm.SymbolTable::addTypeInternal (85 bytes)
Event: 1.411 Thread 0x00000206801e9420 nmethod 894 0x00000206d2205790 code [0x00000206d2205980, 0x00000206d2205f70]
Event: 1.411 Thread 0x00000206801e9420  895   !   3       java.lang.invoke.MemberName::getFieldType (176 bytes)
Event: 1.411 Thread 0x00000206801e9420 nmethod 895 0x00000206d2206110 code [0x00000206d2206420, 0x00000206d2207690]
Event: 1.411 Thread 0x00000206801e9420  896       3       jdk.internal.org.objectweb.asm.MethodWriter::visitFieldInsn (258 bytes)
Event: 1.412 Thread 0x00000206801e9420 nmethod 896 0x00000206d2207d10 code [0x00000206d2207f80, 0x00000206d2208ab8]
Event: 1.412 Thread 0x00000206801e9420  897       3       jdk.internal.org.objectweb.asm.SymbolTable::addConstantFieldref (10 bytes)
Event: 1.412 Thread 0x00000206801e9420 nmethod 897 0x00000206d2208f10 code [0x00000206d22090c0, 0x00000206d2209218]
Event: 1.415 Thread 0x00000206801df300  899       4       jdk.internal.jimage.ImageStringsReader::unmaskedHashCode (166 bytes)
Event: 1.415 Thread 0x00000206801e9420  900       3       jdk.internal.jimage.ImageLocation::verifyName (161 bytes)
Event: 1.416 Thread 0x00000206801e9420 nmethod 900 0x00000206d2209310 code [0x00000206d2209660, 0x00000206d220ab68]
Event: 1.416 Thread 0x00000206801e9420  901       3       java.lang.ref.Cleaner::register (25 bytes)
Event: 1.416 Thread 0x00000206801e9420 nmethod 901 0x00000206d220b510 code [0x00000206d220b700, 0x00000206d220bc20]
Event: 1.416 Thread 0x00000206801e9420  902       3       jdk.internal.ref.CleanerImpl$PhantomCleanableRef::<init> (12 bytes)
Event: 1.417 Thread 0x00000206801e9420 nmethod 902 0x00000206d220be10 code [0x00000206d220bfc0, 0x00000206d220c160]

GC Heap History (0 events):
No events

Dll operation events (2 events):
Event: 0.099 Loaded shared library C:\Program Files\JetBrains\IntelliJ IDEA Community Edition 2025.2.1\jbr\bin\java.dll
Event: 0.384 Loaded shared library C:\Program Files\JetBrains\IntelliJ IDEA Community Edition 2025.2.1\jbr\bin\zip.dll

Deoptimization events (18 events):
Event: 1.048 Thread 0x00000206cbe820b0 Uncommon trap: trap_request=0xffffff45 fr.pc=0x00000206d9ba501c relative=0x000000000000007c
Event: 1.048 Thread 0x00000206cbe820b0 Uncommon trap: reason=unstable_if action=reinterpret pc=0x00000206d9ba501c method=java.lang.CharacterDataLatin1.toLowerCase(I)I @ 16 c2
Event: 1.048 Thread 0x00000206cbe820b0 DEOPT PACKING pc=0x00000206d9ba501c sp=0x00000056f42fad70
Event: 1.048 Thread 0x00000206cbe820b0 DEOPT UNPACKING pc=0x00000206d96446a2 sp=0x00000056f42fad00 mode 2
Event: 1.120 Thread 0x00000206cbe820b0 Uncommon trap: trap_request=0xffffff45 fr.pc=0x00000206d9b9cf68 relative=0x00000000000000c8
Event: 1.120 Thread 0x00000206cbe820b0 Uncommon trap: reason=unstable_if action=reinterpret pc=0x00000206d9b9cf68 method=java.lang.String.charAt(I)C @ 4 c2
Event: 1.120 Thread 0x00000206cbe820b0 DEOPT PACKING pc=0x00000206d9b9cf68 sp=0x00000056f42fdb20
Event: 1.120 Thread 0x00000206cbe820b0 DEOPT UNPACKING pc=0x00000206d96446a2 sp=0x00000056f42fdac0 mode 2
Event: 1.120 Thread 0x00000206cbe820b0 Uncommon trap: trap_request=0xffffff45 fr.pc=0x00000206d9b9b368 relative=0x0000000000000048
Event: 1.120 Thread 0x00000206cbe820b0 Uncommon trap: reason=unstable_if action=reinterpret pc=0x00000206d9b9b368 method=java.lang.StringLatin1.canEncode(I)Z @ 4 c2
Event: 1.120 Thread 0x00000206cbe820b0 DEOPT PACKING pc=0x00000206d9b9b368 sp=0x00000056f42fd910
Event: 1.120 Thread 0x00000206cbe820b0 DEOPT UNPACKING pc=0x00000206d96446a2 sp=0x00000056f42fd8a0 mode 2
Event: 1.120 Thread 0x00000206cbe820b0 Uncommon trap: trap_request=0xffffff45 fr.pc=0x00000206d9ba6be8 relative=0x0000000000000588
Event: 1.120 Thread 0x00000206cbe820b0 Uncommon trap: reason=unstable_if action=reinterpret pc=0x00000206d9ba6be8 method=java.lang.AbstractStringBuilder.inflateIfNeededFor(Ljava/lang/String;)V @ 14 c2
Event: 1.120 Thread 0x00000206cbe820b0 DEOPT PACKING pc=0x00000206d9ba6be8 sp=0x00000056f42fda70
Event: 1.120 Thread 0x00000206cbe820b0 DEOPT UNPACKING pc=0x00000206d96446a2 sp=0x00000056f42fd920 mode 2
Event: 1.349 Thread 0x00000206cbe820b0 DEOPT PACKING pc=0x00000206d20da4cc sp=0x00000056f42fe2a0
Event: 1.349 Thread 0x00000206cbe820b0 DEOPT UNPACKING pc=0x00000206d9644e42 sp=0x00000056f42fd6c0 mode 0

Classes loaded (20 events):
Event: 1.409 Loading class java/lang/invoke/BoundMethodHandle$Species_LLLJ
Event: 1.409 Loading class java/lang/invoke/BoundMethodHandle$Species_LLLJ done
Event: 1.413 Loading class sun/security/ssl/SSLEngineImpl
Event: 1.414 Loading class javax/net/ssl/SSLEngine
Event: 1.414 Loading class javax/net/ssl/SSLEngine done
Event: 1.414 Loading class sun/security/ssl/SSLEngineImpl done
Event: 1.414 Loading class sun/security/ssl/SSLEngineInputRecord
Event: 1.414 Loading class sun/security/ssl/SSLEngineInputRecord done
Event: 1.414 Loading class sun/security/ssl/SSLEngineOutputRecord
Event: 1.414 Loading class sun/security/ssl/SSLEngineOutputRecord done
Event: 1.414 Loading class sun/security/ssl/SSLConfiguration$CustomizedServerSignatureSchemes
Event: 1.414 Loading class sun/security/ssl/SSLConfiguration$CustomizedServerSignatureSchemes done
Event: 1.414 Loading class java/util/Collections$UnmodifiableList
Event: 1.414 Loading class java/util/Collections$UnmodifiableList done
Event: 1.414 Loading class java/util/Collections$UnmodifiableRandomAccessList
Event: 1.415 Loading class java/util/Collections$UnmodifiableRandomAccessList done
Event: 1.416 Loading class java/util/concurrent/ConcurrentLinkedDeque
Event: 1.416 Loading class java/util/concurrent/ConcurrentLinkedDeque done
Event: 1.416 Loading class java/util/concurrent/ConcurrentLinkedDeque$Node
Event: 1.416 Loading class java/util/concurrent/ConcurrentLinkedDeque$Node done

Classes unloaded (0 events):
No events

Classes redefined (0 events):
No events

Internal exceptions (15 events):
Event: 1.047 Thread 0x00000206cbe820b0 Exception <a 'sun/nio/fs/WindowsException'{0x000000008ab126c8}> (0x000000008ab126c8) 
thrown [s\src\hotspot\share\prims\jni.cpp, line 537]
Event: 1.221 Thread 0x00000206cbe820b0 Exception <a 'java/lang/NoSuchMethodError'{0x000000008aa8cc08}: 'java.lang.Object java.lang.invoke.DirectMethodHandle$Holder.invokeStaticInit(java.lang.Object, java.lang.Object, int, int, int, int)'> (0x000000008aa8cc08) 
thrown [s\src\hotspot\share\interpreter\linkResolver.cpp, line 784]
Event: 1.241 Thread 0x00000206cbe820b0 Exception <a 'java/lang/NoSuchMethodError'{0x000000008a94e678}: 'java.lang.Object java.lang.invoke.DirectMethodHandle$Holder.invokeStaticInit(java.lang.Object, java.lang.Object, int)'> (0x000000008a94e678) 
thrown [s\src\hotspot\share\interpreter\linkResolver.cpp, line 784]
Event: 1.242 Thread 0x00000206cbe820b0 Exception <a 'java/lang/NoSuchMethodError'{0x000000008a954580}: 'java.lang.Object java.lang.invoke.DirectMethodHandle$Holder.newInvokeSpecial(java.lang.Object, java.lang.Object, int)'> (0x000000008a954580) 
thrown [s\src\hotspot\share\interpreter\linkResolver.cpp, line 784]
Event: 1.245 Thread 0x00000206cbe820b0 Exception <a 'java/lang/NoSuchMethodError'{0x000000008a96a1c0}: 'int java.lang.invoke.DirectMethodHandle$Holder.invokeSpecialIFC(java.lang.Object, java.lang.Object, java.lang.Object)'> (0x000000008a96a1c0) 
thrown [s\src\hotspot\share\interpreter\linkResolver.cpp, line 784]
Event: 1.265 Thread 0x00000206cbe820b0 Exception <a 'java/lang/NoSuchMethodError'{0x000000008a9a40e0}: 'java.lang.Object java.lang.invoke.Invokers$Holder.invoke_MT(java.lang.Object, java.lang.Object, java.lang.Object, java.lang.Object, java.lang.Object, java.lang.Object, java.lang.Object, java.lang.Object, java.lang.Object, java.lang.Object)'> (0x000000008a9a40e0) 
thrown [s\src\hotspot\share\interpreter\linkResolver.cpp, line 784]
Event: 1.277 Thread 0x00000206cbe820b0 Exception <a 'java/lang/NoSuchMethodError'{0x000000008a9e4d00}: 'int java.lang.invoke.DirectMethodHandle$Holder.invokeSpecial(java.lang.Object, java.lang.Object, java.lang.Object, java.lang.Object)'> (0x000000008a9e4d00) 
thrown [s\src\hotspot\share\interpreter\linkResolver.cpp, line 784]
Event: 1.280 Thread 0x00000206cbe820b0 Exception <a 'java/lang/NoSuchMethodError'{0x000000008a9fd528}: 'java.lang.Object java.lang.invoke.DelegatingMethodHandle$Holder.delegate(java.lang.Object, int, java.lang.Object, java.lang.Object)'> (0x000000008a9fd528) 
thrown [s\src\hotspot\share\interpreter\linkResolver.cpp, line 784]
Event: 1.282 Thread 0x00000206cbe820b0 Exception <a 'java/lang/NoSuchMethodError'{0x000000008a80cf88}: 'int java.lang.invoke.Invokers$Holder.linkToTargetMethod(java.lang.Object, java.lang.Object, java.lang.Object)'> (0x000000008a80cf88) 
thrown [s\src\hotspot\share\interpreter\linkResolver.cpp, line 784]
Event: 1.287 Thread 0x00000206cbe820b0 Exception <a 'java/lang/NoSuchMethodError'{0x000000008a83efe8}: 'long java.lang.invoke.DirectMethodHandle$Holder.invokeSpecial(java.lang.Object, java.lang.Object)'> (0x000000008a83efe8) 
thrown [s\src\hotspot\share\interpreter\linkResolver.cpp, line 784]
Event: 1.288 Thread 0x00000206cbe820b0 Exception <a 'java/lang/NoSuchMethodError'{0x000000008a845d38}: 'java.lang.Object java.lang.invoke.Invokers$Holder.invokeExact_MT(java.lang.Object, java.lang.Object, java.lang.Object, java.lang.Object, java.lang.Object, java.lang.Object)'> (0x000000008a845d38) 
thrown [s\src\hotspot\share\interpreter\linkResolver.cpp, line 784]
Event: 1.381 Thread 0x00000206cbe820b0 Exception <a 'java/lang/NoSuchMethodError'{0x000000008a634940}: 'java.lang.Object java.lang.invoke.DirectMethodHandle$Holder.newInvokeSpecial(java.lang.Object, java.lang.Object, java.lang.Object, java.lang.Object, java.lang.Object)'> (0x000000008a634940) 
thrown [s\src\hotspot\share\interpreter\linkResolver.cpp, line 784]
Event: 1.411 Thread 0x00000206cbe820b0 Exception <a 'java/lang/NoSuchMethodError'{0x000000008a5c5b60}: 'java.lang.Object java.lang.invoke.DirectMethodHandle$Holder.invokeSpecial(java.lang.Object, java.lang.Object, java.lang.Object, java.lang.Object, int)'> (0x000000008a5c5b60) 
thrown [s\src\hotspot\share\interpreter\linkResolver.cpp, line 784]
Event: 1.412 Thread 0x00000206cbe820b0 Exception <a 'java/lang/NoSuchMethodError'{0x000000008a5c94c8}: 'java.lang.Object java.lang.invoke.Invokers$Holder.linkToTargetMethod(java.lang.Object, java.lang.Object, int, java.lang.Object)'> (0x000000008a5c94c8) 
thrown [s\src\hotspot\share\interpreter\linkResolver.cpp, line 784]
Event: 1.417 Thread 0x00000206cbe820b0 Exception <a 'java/lang/NoSuchMethodError'{0x000000008a5f8080}: 'void java.lang.invoke.DirectMethodHandle$Holder.invokeSpecial(java.lang.Object, java.lang.Object, java.lang.Object)'> (0x000000008a5f8080) 
thrown [s\src\hotspot\share\interpreter\linkResolver.cpp, line 784]

ZGC Phase Switch (0 events):
No events

VM Operations (6 events):
Event: 0.904 Executing VM operation: HandshakeAllThreads (Deoptimize)
Event: 0.904 Executing VM operation: HandshakeAllThreads (Deoptimize) done
Event: 0.917 Executing VM operation: HandshakeAllThreads (Deoptimize)
Event: 0.917 Executing VM operation: HandshakeAllThreads (Deoptimize) done
Event: 1.114 Executing VM operation: HandshakeAllThreads (Deoptimize)
Event: 1.114 Executing VM operation: HandshakeAllThreads (Deoptimize) done

Memory protections (0 events):
No events

Nmethod flushes (0 events):
No events

Events (18 events):
Event: 0.127 Thread 0x00000206cbe820b0 Thread added: 0x00000206cbe820b0
Event: 0.788 Thread 0x00000206cbe820b0 Thread added: 0x000002068018b180
Event: 0.815 Thread 0x00000206cbe820b0 Thread added: 0x0000020680207bb0
Event: 0.815 Thread 0x00000206cbe820b0 Thread added: 0x000002068020b190
Event: 0.817 Thread 0x00000206cbe820b0 Thread added: 0x00000206801f1d30
Event: 0.817 Thread 0x00000206cbe820b0 Thread added: 0x00000206801f2790
Event: 0.817 Thread 0x00000206cbe820b0 Thread added: 0x00000206801f3d60
Event: 0.817 Thread 0x00000206cbe820b0 Thread added: 0x00000206801f5330
Event: 0.817 Thread 0x00000206cbe820b0 Thread added: 0x00000206801df300
Event: 0.818 Thread 0x00000206cbe820b0 Thread added: 0x00000206801e9420
Event: 0.866 Thread 0x00000206cbe820b0 Thread added: 0x00000206803cf540
Event: 0.883 Loaded shared library C:\Program Files\JetBrains\IntelliJ IDEA Community Edition 2025.2.1\jbr\bin\net.dll
Event: 0.886 Loaded shared library C:\Program Files\JetBrains\IntelliJ IDEA Community Edition 2025.2.1\jbr\bin\nio.dll
Event: 0.896 Loaded shared library C:\Program Files\JetBrains\IntelliJ IDEA Community Edition 2025.2.1\jbr\bin\zip.dll
Event: 0.984 Loaded shared library C:\Program Files\JetBrains\IntelliJ IDEA Community Edition 2025.2.1\jbr\bin\jimage.dll
Event: 0.996 Loaded shared library C:\Program Files\JetBrains\IntelliJ IDEA Community Edition 2025.2.1\jbr\bin\sunmscapi.dll
Event: 1.366 Loaded shared library C:\Program Files\JetBrains\IntelliJ IDEA Community Edition 2025.2.1\jbr\bin\extnet.dll
Event: 1.374 Thread 0x00000206cbe820b0 Thread added: 0x0000020680911890


Dynamic libraries:
0x00007ff60c0f0000 - 0x00007ff60c0fa000 	C:\Program Files\JetBrains\IntelliJ IDEA Community Edition 2025.2.1\jbr\bin\java.exe
0x00007ffa05d20000 - 0x00007ffa05f88000 	C:\WINDOWS\SYSTEM32\ntdll.dll
0x00007ffa03ef0000 - 0x00007ffa03fb9000 	C:\WINDOWS\System32\KERNEL32.DLL
0x00007ffa02f40000 - 0x00007ffa03332000 	C:\WINDOWS\System32\KERNELBASE.dll
0x00007ffa034c0000 - 0x00007ffa0360b000 	C:\WINDOWS\System32\ucrtbase.dll
0x00007ff9dc7a0000 - 0x00007ff9dc7b8000 	C:\Program Files\JetBrains\IntelliJ IDEA Community Edition 2025.2.1\jbr\bin\jli.dll
0x00007ff9e1300000 - 0x00007ff9e131b000 	C:\Program Files\JetBrains\IntelliJ IDEA Community Edition 2025.2.1\jbr\bin\VCRUNTIME140.dll
0x00007ffa041d0000 - 0x00007ffa04395000 	C:\WINDOWS\System32\USER32.dll
0x00007ffa03490000 - 0x00007ffa034b7000 	C:\WINDOWS\System32\win32u.dll
0x00007ffa04e30000 - 0x00007ffa04e5b000 	C:\WINDOWS\System32\GDI32.dll
0x00007ffa039c0000 - 0x00007ffa03aed000 	C:\WINDOWS\System32\gdi32full.dll
0x00007ffa033e0000 - 0x00007ffa03483000 	C:\WINDOWS\System32\msvcp_win.dll
0x00007ff9f4970000 - 0x00007ff9f4c03000 	C:\WINDOWS\WinSxS\amd64_microsoft.windows.common-controls_6595b64144ccf1df_6.0.26100.6899_none_3e0efeeae32e88c1\COMCTL32.dll
0x00007ffa04cc0000 - 0x00007ffa04d69000 	C:\WINDOWS\System32\msvcrt.dll
0x00007ffa03d40000 - 0x00007ffa03d6f000 	C:\WINDOWS\System32\IMM32.DLL
0x00007ff9edcb0000 - 0x00007ff9edcbc000 	C:\Program Files\JetBrains\IntelliJ IDEA Community Edition 2025.2.1\jbr\bin\vcruntime140_1.dll
0x00007ff9c2cf0000 - 0x00007ff9c2d7d000 	C:\Program Files\JetBrains\IntelliJ IDEA Community Edition 2025.2.1\jbr\bin\msvcp140.dll
0x00007ff9609c0000 - 0x00007ff96178b000 	C:\Program Files\JetBrains\IntelliJ IDEA Community Edition 2025.2.1\jbr\bin\server\jvm.dll
0x00007ffa04e60000 - 0x00007ffa04f14000 	C:\WINDOWS\System32\ADVAPI32.dll
0x00007ffa04d80000 - 0x00007ffa04e26000 	C:\WINDOWS\System32\sechost.dll
0x00007ffa05030000 - 0x00007ffa05148000 	C:\WINDOWS\System32\RPCRT4.dll
0x00007ffa04c20000 - 0x00007ffa04c94000 	C:\WINDOWS\System32\WS2_32.dll
0x00007ffa02d10000 - 0x00007ffa02d6e000 	C:\WINDOWS\SYSTEM32\POWRPROF.dll
0x00007ff9f4ea0000 - 0x00007ff9f4ed5000 	C:\WINDOWS\SYSTEM32\WINMM.dll
0x00007ff9fabc0000 - 0x00007ff9fabcb000 	C:\WINDOWS\SYSTEM32\VERSION.dll
0x00007ffa02cf0000 - 0x00007ffa02d04000 	C:\WINDOWS\SYSTEM32\UMPDC.dll
0x00007ffa01c80000 - 0x00007ffa01c9b000 	C:\WINDOWS\SYSTEM32\kernel.appcore.dll
0x00007ff9e8c50000 - 0x00007ff9e8c5a000 	C:\Program Files\JetBrains\IntelliJ IDEA Community Edition 2025.2.1\jbr\bin\jimage.dll
0x00007ffa00670000 - 0x00007ffa008b2000 	C:\WINDOWS\SYSTEM32\DBGHELP.DLL
0x00007ffa05960000 - 0x00007ffa05cdb000 	C:\WINDOWS\System32\combase.dll
0x00007ffa04890000 - 0x00007ffa04967000 	C:\WINDOWS\System32\OLEAUT32.dll
0x00007ffa00630000 - 0x00007ffa0066c000 	C:\WINDOWS\SYSTEM32\dbgcore.DLL
0x00007ffa03340000 - 0x00007ffa033d8000 	C:\WINDOWS\System32\bcryptPrimitives.dll
0x00007ff9e0570000 - 0x00007ff9e0590000 	C:\Program Files\JetBrains\IntelliJ IDEA Community Edition 2025.2.1\jbr\bin\java.dll
0x00007ff9e0550000 - 0x00007ff9e0568000 	C:\Program Files\JetBrains\IntelliJ IDEA Community Edition 2025.2.1\jbr\bin\zip.dll
0x00007ffa05150000 - 0x00007ffa0589d000 	C:\WINDOWS\System32\SHELL32.dll
0x00007ffa03610000 - 0x00007ffa0377b000 	C:\WINDOWS\System32\wintypes.dll
0x00007ffa00b40000 - 0x00007ffa0139d000 	C:\WINDOWS\SYSTEM32\windows.storage.dll
0x00007ffa04050000 - 0x00007ffa04142000 	C:\WINDOWS\System32\SHCORE.dll
0x00007ffa03af0000 - 0x00007ffa03b52000 	C:\WINDOWS\System32\shlwapi.dll
0x00007ffa02da0000 - 0x00007ffa02dc9000 	C:\WINDOWS\SYSTEM32\profapi.dll
0x00007ff9e8be0000 - 0x00007ff9e8bf0000 	C:\Program Files\JetBrains\IntelliJ IDEA Community Edition 2025.2.1\jbr\bin\net.dll
0x00007ffa00200000 - 0x00007ffa0031f000 	C:\WINDOWS\SYSTEM32\WINHTTP.dll
0x00007ffa021f0000 - 0x00007ffa0225b000 	C:\WINDOWS\system32\mswsock.dll
0x00007ff9defc0000 - 0x00007ff9defd6000 	C:\Program Files\JetBrains\IntelliJ IDEA Community Edition 2025.2.1\jbr\bin\nio.dll
0x00007ff9e0440000 - 0x00007ff9e044e000 	C:\Program Files\JetBrains\IntelliJ IDEA Community Edition 2025.2.1\jbr\bin\sunmscapi.dll
0x00007ffa03840000 - 0x00007ffa039b7000 	C:\WINDOWS\System32\CRYPT32.dll
0x00007ffa026c0000 - 0x00007ffa026f0000 	C:\WINDOWS\SYSTEM32\ncrypt.dll
0x00007ffa02670000 - 0x00007ffa026af000 	C:\WINDOWS\SYSTEM32\NTASN1.dll
0x00007ffa024a0000 - 0x00007ffa024bb000 	C:\WINDOWS\SYSTEM32\CRYPTSP.dll
0x00007ffa01be0000 - 0x00007ffa01c1b000 	C:\WINDOWS\system32\rsaenh.dll
0x00007ffa02290000 - 0x00007ffa022bb000 	C:\WINDOWS\SYSTEM32\USERENV.dll
0x00007ffa02dd0000 - 0x00007ffa02df6000 	C:\WINDOWS\SYSTEM32\bcrypt.dll
0x00007ffa024c0000 - 0x00007ffa024cc000 	C:\WINDOWS\SYSTEM32\CRYPTBASE.dll
0x00007ffa016f0000 - 0x00007ffa01724000 	C:\WINDOWS\SYSTEM32\IPHLPAPI.DLL
0x00007ffa05020000 - 0x00007ffa0502a000 	C:\WINDOWS\System32\NSI.dll
0x00007ff982930000 - 0x00007ff982938000 	C:\WINDOWS\system32\wshunix.dll
0x00007ff9df090000 - 0x00007ff9df099000 	C:\Program Files\JetBrains\IntelliJ IDEA Community Edition 2025.2.1\jbr\bin\extnet.dll

JVMTI agents: none

dbghelp: loaded successfully - version: 4.0.5 - missing functions: none
symbol engine: initialized successfully - sym options: 0x614 - pdb path: .;C:\Program Files\JetBrains\IntelliJ IDEA Community Edition 2025.2.1\jbr\bin;C:\WINDOWS\SYSTEM32;C:\WINDOWS\WinSxS\amd64_microsoft.windows.common-controls_6595b64144ccf1df_6.0.26100.6899_none_3e0efeeae32e88c1;C:\Program Files\JetBrains\IntelliJ IDEA Community Edition 2025.2.1\jbr\bin\server

VM Arguments:
java_command: git4idea.http.GitAskPassApp Username for 'https://github.com': 
java_class_path (initial): C:/Program Files/JetBrains/IntelliJ IDEA Community Edition 2025.2.1/plugins/vcs-git/lib/git4idea-rt.jar;C:/Program Files/JetBrains/IntelliJ IDEA Community Edition 2025.2.1/lib/externalProcess-rt.jar
Launcher Type: SUN_STANDARD

[Global flags]
     intx CICompilerCount                          = 4                                         {product} {ergonomic}
     uint ConcGCThreads                            = 2                                         {product} {ergonomic}
     uint G1ConcRefinementThreads                  = 8                                         {product} {ergonomic}
   size_t G1HeapRegionSize                         = 1048576                                   {product} {ergonomic}
    uintx GCDrainStackTargetSize                   = 64                                        {product} {ergonomic}
   size_t InitialHeapSize                          = 132120576                                 {product} {ergonomic}
   size_t MarkStackSize                            = 4194304                                   {product} {ergonomic}
   size_t MaxHeapSize                              = 2095054848                                {product} {ergonomic}
   size_t MaxNewSize                               = 1256194048                                {product} {ergonomic}
   size_t MinHeapDeltaBytes                        = 1048576                                   {product} {ergonomic}
   size_t MinHeapSize                              = 8388608                                   {product} {ergonomic}
    uintx NonNMethodCodeHeapSize                   = 5839372                                {pd product} {ergonomic}
    uintx NonProfiledCodeHeapSize                  = 122909434                              {pd product} {ergonomic}
    uintx ProfiledCodeHeapSize                     = 122909434                              {pd product} {ergonomic}
    uintx ReservedCodeCacheSize                    = 251658240                              {pd product} {ergonomic}
     bool SegmentedCodeCache                       = true                                      {product} {ergonomic}
   size_t SoftMaxHeapSize                          = 2095054848                             {manageable} {ergonomic}
     bool UseCompressedOops                        = true                           {product lp64_product} {ergonomic}
     bool UseG1GC                                  = true                                      {product} {ergonomic}
     bool UseLargePagesIndividualAllocation        = false                                  {pd product} {ergonomic}

Logging:
Log output configuration:
 #0: stdout all=warning uptime,level,tags foldmultilines=false
 #1: stderr all=off uptime,level,tags foldmultilines=false

Environment Variables:
JAVA_HOME=C:\Program Files\Java\jdk-21
CLASSPATH=C:\Program Files\Java\jdk-21\lib
PATH=C:\Program Files\Git\mingw64\libexec\git-core;C:\Program Files\Git\mingw64\libexec\git-core;C:\Program Files\Git\mingw64\bin;C:\Program Files\Git\usr\bin;C:\Users\Č˛żřÁ¤\bin;C:\Program Files\Java\jdk-21bin;C:\Program Files\Common Files\Oracle\Java\javapath;C:\WINDOWS\system32;C:\WINDOWS;C:\WINDOWS\System32\Wbem;C:\WINDOWS\System32\WindowsPowerShell\v1.0;C:\WINDOWS\System32\OpenSSH;C:\Program Files\Git\cmd;C:\Program Files\Java\jdk-17;C:\Program Files (x86)\Incredibuild;C:\Program Files (x86)\Windows Kits\10\Windows Performance Toolkit;C:\Program Files\Java\jdk-21\bin;C:\Program Files\nodejs;C:\pgsql\bin;C:\Users\Č˛żřÁ¤\AppData\Local\Microsoft\WindowsApps;C:\Program Files\Bandizip;C:\Users\Č˛żřÁ¤\AppData\Local\Programs\Microsoft VS Code\bin;C:\Users\Č˛żřÁ¤\AppData\Local\GitHubDesktop\bin;C:\Program Files\JetBrains\IntelliJ IDEA Community Edition 2022.3.2\bin;C:\Users\Č˛żřÁ¤\AppData\Roaming\npm
USERNAME=Č˛żřÁ¤
DISPLAY=:0.0
LC_ALL=en_US.UTF-8
TERM=xterm-256color
TMPDIR=C:\Users\Č˛żřÁ¤\AppData\Local\Temp
OS=Windows_NT
PROCESSOR_IDENTIFIER=Intel64 Family 6 Model 142 Stepping 12, GenuineIntel
TMP=C:\Users\Č˛żřÁ¤\AppData\Local\Temp
TEMP=C:\Users\Č˛żřÁ¤\AppData\Local\Temp




Periodic native trim disabled

JNI global refs:
JNI global refs: 20, weak refs: 0

JNI global refs memory usage: 835, weak refs: 833

Process memory usage:
Resident Set Size: 74804K (0% of 8177696K total physical memory with 1166008K free physical memory)

OOME stack traces (most recent first):
Classloader memory used:
Loader bootstrap                                                                       : 15333K
Loader jdk.internal.loader.ClassLoaders$PlatformClassLoader                            : 1527K
Loader jdk.internal.loader.ClassLoaders$AppClassLoader                                 : 25696B

---------------  S Y S T E M  ---------------

OS:
 Windows 11 , 64 bit Build 26100 (10.0.26100.6725)
OS uptime: 2 days 7:52 hours

CPU: total 8 (initial active 8) (4 cores per cpu, 2 threads per core) family 6 model 142 stepping 12 microcode 0xde, cx8, cmov, fxsr, ht, mmx, 3dnowpref, sse, sse2, sse3, ssse3, sse4.1, sse4.2, popcnt, lzcnt, tsc, tscinvbit, avx, avx2, aes, erms, clmul, bmi1, bmi2, adx, fma, vzeroupper, clflush, clflushopt, rdtscp, f16c
Processor Information for the first 8 processors :
  Max Mhz: 1800, Current Mhz: 1600, Mhz Limit: 1584

Memory: 4k page, system-wide physical 7986M (1138M free)
TotalPageFile size 24224M (AvailPageFile size 1M)
current process WorkingSet (physical memory assigned to process): 73M, peak: 73M
current process commit charge ("private bytes"): 219M, peak: 220M

vm_info: OpenJDK 64-Bit Server VM (21.0.8+1-b1038.68) for windows-amd64 JRE (21.0.8+1-b1038.68), built on 2025-07-24 by "builduser" with MS VC++ 16.10 / 16.11 (VS2019)

END.
